<?xml version="1.0" encoding="UTF-8"?>
<testng-results skipped="0" failed="0" ignored="0" total="1" passed="1">
  <reporter-output>
  </reporter-output>
  <suite name="Default suite" duration-ms="8351" started-at="2020-09-16T21:31:58 EDT" finished-at="2020-09-16T21:32:07 EDT">
    <groups>
    </groups>
    <test name="Default test" duration-ms="8351" started-at="2020-09-16T21:31:58 EDT" finished-at="2020-09-16T21:32:07 EDT">
      <class name="Sel_DersNotes.Sel_testNG">
        <test-method status="PASS" signature="setUp()[pri:0, instance:Sel_DersNotes.Sel_testNG@4232c52b]" name="setUp" is-config="true" duration-ms="7592" started-at="2020-09-16T21:31:58 EDT" finished-at="2020-09-16T21:32:06 EDT">
          <reporter-output>
          </reporter-output>
        </test-method> <!-- setUp -->
        <test-method status="PASS" signature="getTitle()[pri:0, instance:Sel_DersNotes.Sel_testNG@4232c52b]" name="getTitle" duration-ms="640" started-at="2020-09-16T21:32:06 EDT" finished-at="2020-09-16T21:32:07 EDT">
          <reporter-output>
          </reporter-output>
        </test-method> <!-- getTitle -->
        <test-method status="PASS" signature="tearDown()[pri:0, instance:Sel_DersNotes.Sel_testNG@4232c52b]" name="tearDown" is-config="true" duration-ms="82" started-at="2020-09-16T21:32:07 EDT" finished-at="2020-09-16T21:32:07 EDT">
          <reporter-output>
          </reporter-output>
        </test-method> <!-- tearDown -->
      </class> <!-- Sel_DersNotes.Sel_testNG -->
    </test> <!-- Default test -->
  </suite> <!-- Default suite -->
</testng-results>
